# JRE version: Java(TM) SE Runtime Environment (8.0_05-b13) (build 1.8.0_05-b13)
# Java VM: Java HotSpot(TM) Server VM (25.5-b02 mixed mode linux-x86 )
Heap:
 PSYoungGen      total 300544K, used 118907K [0x92ac0000, 0xa7100000, 0xa7200000)
  eden space 266240K, 44% used [0x92ac0000,0x99edecb8,0xa2ec0000)
  from space 34304K, 0% used [0xa4f80000,0xa4f80000,0xa7100000)
  to   space 33536K, 0% used [0xa2ec0000,0xa2ec0000,0xa4f80000)
 ParOldGen       total 101632K, used 46845K [0x69c00000, 0x6ff40000, 0x92ac0000)
  object space 101632K, 46% used [0x69c00000,0x6c9bf448,0x6ff40000)
 Metaspace       used 51936K, capacity 52326K, committed 52352K, reserved 52528K
GC Heap History (10 events):
Event: 22.765 GC heap before
{Heap before GC invocations=13 (full 2):
 PSYoungGen      total 211456K, used 17405K [0x92ac0000, 0xa4d80000, 0xa7200000)
  eden space 194048K, 0% used [0x92ac0000,0x92ac0000,0x9e840000)
  from space 17408K, 99% used [0x9e840000,0x9f93f568,0x9f940000)
  to   space 26624K, 0% used [0xa3380000,0xa3380000,0xa4d80000)
 ParOldGen       total 48384K, used 43552K [0x69c00000, 0x6cb40000, 0x92ac0000)
  object space 48384K, 90% used [0x69c00000,0x6c6883c0,0x6cb40000)
 Metaspace       used 20112K, capacity 20311K, committed 20352K, reserved 20784K
Event: 23.002 GC heap after
Heap after GC invocations=13 (full 2):
 PSYoungGen      total 211456K, used 2588K [0x92ac0000, 0xa4d80000, 0xa7200000)
  eden space 194048K, 0% used [0x92ac0000,0x92ac0000,0x9e840000)
  from space 17408K, 14% used [0x9e840000,0x9eac7078,0x9f940000)
  to   space 26624K, 0% used [0xa3380000,0xa3380000,0xa4d80000)
 ParOldGen       total 92928K, used 48309K [0x69c00000, 0x6f6c0000, 0x92ac0000)
  object space 92928K, 51% used [0x69c00000,0x6cb2d768,0x6f6c0000)
 Metaspace       used 20112K, capacity 20311K, committed 20352K, reserved 20784K
}
Event: 23.850 GC heap before
{Heap before GC invocations=14 (full 2):
 PSYoungGen      total 211456K, used 196636K [0x92ac0000, 0xa4d80000, 0xa7200000)
  eden space 194048K, 100% used [0x92ac0000,0x9e840000,0x9e840000)
  from space 17408K, 14% used [0x9e840000,0x9eac7078,0x9f940000)
  to   space 26624K, 0% used [0xa3380000,0xa3380000,0xa4d80000)
 ParOldGen       total 92928K, used 48309K [0x69c00000, 0x6f6c0000, 0x92ac0000)
  object space 92928K, 51% used [0x69c00000,0x6cb2d768,0x6f6c0000)
 Metaspace       used 20114K, capacity 20311K, committed 20352K, reserved 20784K
Event: 23.914 GC heap after
Heap after GC invocations=14 (full 2):
 PSYoungGen      total 264960K, used 26612K [0x92ac0000, 0xa6bc0000, 0xa7200000)
  eden space 238336K, 0% used [0x92ac0000,0x92ac0000,0xa1380000)
  from space 26624K, 99% used [0xa3380000,0xa4d7d398,0xa4d80000)
  to   space 32768K, 0% used [0xa1380000,0xa1380000,0xa3380000)
 ParOldGen       total 92928K, used 52995K [0x69c00000, 0x6f6c0000, 0x92ac0000)
  object space 92928K, 57% used [0x69c00000,0x6cfc0c48,0x6f6c0000)
 Metaspace       used 20114K, capacity 20311K, committed 20352K, reserved 20784K
}
Event: 26.582 GC heap before
{Heap before GC invocations=15 (full 2):
 PSYoungGen      total 264960K, used 264948K [0x92ac0000, 0xa6bc0000, 0xa7200000)
  eden space 238336K, 100% used [0x92ac0000,0xa1380000,0xa1380000)
  from space 26624K, 99% used [0xa3380000,0xa4d7d398,0xa4d80000)
  to   space 32768K, 0% used [0xa1380000,0xa1380000,0xa3380000)
 ParOldGen       total 92928K, used 52995K [0x69c00000, 0x6f6c0000, 0x92ac0000)
  object space 92928K, 57% used [0x69c00000,0x6cfc0c48,0x6f6c0000)
 Metaspace       used 28235K, capacity 28479K, committed 28544K, reserved 28976K
Event: 26.635 GC heap after
Heap after GC invocations=15 (full 2):
 PSYoungGen      total 271104K, used 25401K [0x92ac0000, 0xa7200000, 0xa7200000)
  eden space 238336K, 0% used [0x92ac0000,0x92ac0000,0xa1380000)
  from space 32768K, 77% used [0xa1380000,0xa2c4e688,0xa3380000)
  to   space 35328K, 0% used [0xa4f80000,0xa4f80000,0xa7200000)
 ParOldGen       total 92928K, used 55363K [0x69c00000, 0x6f6c0000, 0x92ac0000)
  object space 92928K, 59% used [0x69c00000,0x6d210cb0,0x6f6c0000)
 Metaspace       used 28235K, capacity 28479K, committed 28544K, reserved 28976K
}
Event: 28.153 GC heap before
{Heap before GC invocations=16 (full 2):
 PSYoungGen      total 271104K, used 115256K [0x92ac0000, 0xa7200000, 0xa7200000)
  eden space 238336K, 37% used [0x92ac0000,0x9827f9e8,0xa1380000)
  from space 32768K, 77% used [0xa1380000,0xa2c4e688,0xa3380000)
  to   space 35328K, 0% used [0xa4f80000,0xa4f80000,0xa7200000)
 ParOldGen       total 92928K, used 55363K [0x69c00000, 0x6f6c0000, 0x92ac0000)
  object space 92928K, 59% used [0x69c00000,0x6d210cb0,0x6f6c0000)
 Metaspace       used 33513K, capacity 33769K, committed 33856K, reserved 34096K
Event: 28.177 GC heap after
Heap after GC invocations=16 (full 2):
 PSYoungGen      total 300544K, used 11979K [0x92ac0000, 0xa7100000, 0xa7200000)
  eden space 266240K, 0% used [0x92ac0000,0x92ac0000,0xa2ec0000)
  from space 34304K, 34% used [0xa4f80000,0xa5b32c90,0xa7100000)
  to   space 33536K, 0% used [0xa2ec0000,0xa2ec0000,0xa4f80000)
 ParOldGen       total 92928K, used 59672K [0x69c00000, 0x6f6c0000, 0x92ac0000)
  object space 92928K, 64% used [0x69c00000,0x6d646268,0x6f6c0000)
 Metaspace       used 33513K, capacity 33769K, committed 33856K, reserved 34096K
}
Event: 28.177 GC heap before
{Heap before GC invocations=17 (full 3):
 PSYoungGen      total 300544K, used 11979K [0x92ac0000, 0xa7100000, 0xa7200000)
  eden space 266240K, 0% used [0x92ac0000,0x92ac0000,0xa2ec0000)
  from space 34304K, 34% used [0xa4f80000,0xa5b32c90,0xa7100000)
  to   space 33536K, 0% used [0xa2ec0000,0xa2ec0000,0xa4f80000)
 ParOldGen       total 92928K, used 59672K [0x69c00000, 0x6f6c0000, 0x92ac0000)
  object space 92928K, 64% used [0x69c00000,0x6d646268,0x6f6c0000)
 Metaspace       used 33513K, capacity 33769K, committed 33856K, reserved 34096K
Event: 28.573 GC heap after
Heap after GC invocations=17 (full 3):
 PSYoungGen      total 300544K, used 0K [0x92ac0000, 0xa7100000, 0xa7200000)
  eden space 266240K, 0% used [0x92ac0000,0x92ac0000,0xa2ec0000)
  from space 34304K, 0% used [0xa4f80000,0xa4f80000,0xa7100000)
  to   space 33536K, 0% used [0xa2ec0000,0xa2ec0000,0xa4f80000)
 ParOldGen       total 101632K, used 46845K [0x69c00000, 0x6ff40000, 0x92ac0000)
  object space 101632K, 46% used [0x69c00000,0x6c9bf448,0x6ff40000)
 Metaspace       used 33513K, capacity 33769K, committed 33856K, reserved 34096K
}

